<?xml version="1.0" encoding="UTF-8"?>
<testng-results ignored="0" total="1" passed="1" failed="0" skipped="0">
  <reporter-output>
  </reporter-output>
  <suite started-at="2024-09-16T03:22:45 PDT" name="Suite" finished-at="2024-09-16T03:22:56 PDT" duration-ms="11416">
    <groups>
    </groups>
    <test started-at="2024-09-16T03:22:45 PDT" name="Test" finished-at="2024-09-16T03:22:56 PDT" duration-ms="11416">
      <class name="LoginFB.logintest">
        <test-method is-config="true" signature="set()[pri:0, instance:LoginFB.logintest@2925bf5b]" started-at="2024-09-16T03:22:45 PDT" name="set" finished-at="2024-09-16T03:22:50 PDT" duration-ms="5763" status="PASS">
          <reporter-output>
          </reporter-output>
        </test-method> <!-- set -->
        <test-method signature="testLogin()[pri:0, instance:LoginFB.logintest@2925bf5b]" started-at="2024-09-16T03:22:50 PDT" name="testLogin" finished-at="2024-09-16T03:22:53 PDT" duration-ms="2755" status="PASS">
          <reporter-output>
          </reporter-output>
        </test-method> <!-- testLogin -->
        <test-method is-config="true" signature="tearDown()[pri:0, instance:LoginFB.logintest@2925bf5b]" started-at="2024-09-16T03:22:53 PDT" name="tearDown" finished-at="2024-09-16T03:22:56 PDT" duration-ms="2806" status="PASS">
          <reporter-output>
          </reporter-output>
        </test-method> <!-- tearDown -->
      </class> <!-- LoginFB.logintest -->
    </test> <!-- Test -->
  </suite> <!-- Suite -->
</testng-results>
